1644433696353	geckodriver	INFO	Listening on 127.0.0.1:35003
1644433696851	mozrunner::runner	INFO	Running command: "/usr/bin/firefox" "--marionette" "--remote-debugging-port" "50993" "-no-remote" "-profile" "/tmp/rust_mozprofileUcPteP"
ATTENTION: default value of option mesa_glthread overridden by environment.
ATTENTION: default value of option mesa_glthread overridden by environment.
ATTENTION: default value of option mesa_glthread overridden by environment.
ATTENTION: default value of option mesa_glthread overridden by environment.
1644433697926	Marionette	INFO	Marionette enabled
console.warn: SearchSettings: "get: No settings file exists, new profile?" (new NotFoundError("Could not open the file at /tmp/rust_mozprofileUcPteP/search.json.mozlz4", (void 0)))
DevTools listening on ws://localhost:50993/devtools/browser/8b2979fd-5842-4272-a68d-6b4812a30ff2
1644433699722	Marionette	INFO	Listening on port 34299
1644433699777	RemoteAgent	WARN	TLS certificate errors will be ignored for this session
1644433707887	Marionette	INFO	Stopped listening on port 34299
console.warn: TopSitesFeed: Failed to fetch data from Contile server: NetworkError when attempting to fetch resource.
JavaScript error: chrome://remote/content/marionette/cert.js, line 55: NS_ERROR_NOT_AVAILABLE: Component returned failure code: 0x80040111 (NS_ERROR_NOT_AVAILABLE) [nsICertOverrideService.setDisableAllSecurityChecksAndLetAttackersInterceptMyData]
1644594598597	geckodriver	INFO	Listening on 127.0.0.1:43977
1644594598601	mozrunner::runner	INFO	Running command: "/usr/bin/firefox" "--marionette" "--remote-debugging-port" "41051" "-no-remote" "-profile" "/tmp/rust_mozprofileZgOtTY"
ATTENTION: default value of option mesa_glthread overridden by environment.
ATTENTION: default value of option mesa_glthread overridden by environment.
ATTENTION: default value of option mesa_glthread overridden by environment.
ATTENTION: default value of option mesa_glthread overridden by environment.
1644594599643	Marionette	INFO	Marionette enabled
console.warn: SearchSettings: "get: No settings file exists, new profile?" (new NotFoundError("Could not open the file at /tmp/rust_mozprofileZgOtTY/search.json.mozlz4", (void 0)))
DevTools listening on ws://localhost:41051/devtools/browser/689381d3-ba11-4e86-927c-cda2edac8372
1644594601471	Marionette	INFO	Listening on port 32785
1644594601542	RemoteAgent	WARN	TLS certificate errors will be ignored for this session
1644594609540	Marionette	INFO	Stopped listening on port 32785
console.warn: TopSitesFeed: Failed to fetch data from Contile server: NetworkError when attempting to fetch resource.
JavaScript error: chrome://remote/content/marionette/cert.js, line 55: NS_ERROR_NOT_AVAILABLE: Component returned failure code: 0x80040111 (NS_ERROR_NOT_AVAILABLE) [nsICertOverrideService.setDisableAllSecurityChecksAndLetAttackersInterceptMyData]

###!!! [Parent][PImageBridgeParent] Error: RunMessage(msgname=PImageBridge::Msg_WillClose) Channel closing: too late to send/recv, messages will be lost

